<?xml version="1.0" encoding="UTF-8"?>
<!-- Generated by org.testng.reporters.JUnitReportReporter -->
<testsuite hostname="LAPTOP-DQ5N2O9I" failures="0" tests="3" name="TestNGBasics" time="0.030" errors="0" timestamp="2021-12-18T22:05:44 IST" skipped="0">
  <testcase classname="TestNGBasics" name="googleLogoTest" time="0.018"/>
  <system-out/>
  <testcase classname="TestNGBasics" name="searchTest" time="0.008"/>
  <system-out/>
  <testcase classname="TestNGBasics" name="googleTitleTest" time="0.004"/>
  <system-out/>
</testsuite> <!-- TestNGBasics -->
