<?xml version="1.0" encoding="UTF-8"?>
<!-- Generated by org.testng.reporters.JUnitReportReporter -->
<testsuite hostname="LAPTOP-DQ5N2O9I" failures="0" tests="10" name="InvocationCountTest" time="0.066" errors="0" timestamp="2021-12-22T11:11:04 IST" skipped="0">
  <testcase classname="InvocationCountTest" name="sum" time="0.003"/>
  <system-out/>
  <testcase classname="InvocationCountTest" name="sum" time="0.003"/>
  <system-out/>
  <testcase classname="InvocationCountTest" name="sum" time="0.010"/>
  <system-out/>
  <testcase classname="InvocationCountTest" name="sum" time="0.003"/>
  <system-out/>
  <testcase classname="InvocationCountTest" name="sum" time="0.006"/>
  <system-out/>
  <testcase classname="InvocationCountTest" name="sum" time="0.007"/>
  <system-out/>
  <testcase classname="InvocationCountTest" name="sum" time="0.004"/>
  <system-out/>
  <testcase classname="InvocationCountTest" name="sum" time="0.006"/>
  <system-out/>
  <testcase classname="InvocationCountTest" name="sum" time="0.006"/>
  <system-out/>
  <testcase classname="InvocationCountTest" name="sum" time="0.018"/>
  <system-out/>
</testsuite> <!-- InvocationCountTest -->
